{"C:\\Users\\Mathilda Maga\\Documents\\GitHub\\to-do-list\\src\\modules\\functionality.js": {"path":"C:\\Users\\Mathilda Maga\\Documents\\GitHub\\to-do-list\\src\\modules\\functionality.js","statementMap":{"0":{"start":{"line":3,"column":17},"end":{"line":3,"column":52}},"1":{"start":{"line":5,"column":27},"end":{"line":35,"column":1}},"2":{"start":{"line":6,"column":20},"end":{"line":6,"column":71}},"3":{"start":{"line":7,"column":2},"end":{"line":9,"column":3}},"4":{"start":{"line":8,"column":4},"end":{"line":8,"column":11}},"5":{"start":{"line":10,"column":2},"end":{"line":10,"column":26}},"6":{"start":{"line":12,"column":2},"end":{"line":34,"column":5}},"7":{"start":{"line":13,"column":20},"end":{"line":13,"column":49}},"8":{"start":{"line":14,"column":4},"end":{"line":14,"column":39}},"9":{"start":{"line":15,"column":24},"end":{"line":15,"column":26}},"10":{"start":{"line":16,"column":4},"end":{"line":16,"column":50}},"11":{"start":{"line":16,"column":24},"end":{"line":16,"column":50}},"12":{"start":{"line":17,"column":4},"end":{"line":22,"column":69}},"13":{"start":{"line":23,"column":4},"end":{"line":23,"column":34}},"14":{"start":{"line":26,"column":21},"end":{"line":26,"column":58}},"15":{"start":{"line":27,"column":4},"end":{"line":33,"column":7}},"16":{"start":{"line":28,"column":22},"end":{"line":28,"column":58}},"17":{"start":{"line":29,"column":24},"end":{"line":29,"column":83}},"18":{"start":{"line":30,"column":24},"end":{"line":30,"column":75}},"19":{"start":{"line":31,"column":6},"end":{"line":31,"column":56}},"20":{"start":{"line":32,"column":6},"end":{"line":32,"column":67}},"21":{"start":{"line":36,"column":0},"end":{"line":36,"column":14}},"22":{"start":{"line":39,"column":23},"end":{"line":51,"column":1}},"23":{"start":{"line":40,"column":18},"end":{"line":40,"column":53}},"24":{"start":{"line":41,"column":2},"end":{"line":50,"column":3}},"25":{"start":{"line":42,"column":22},"end":{"line":42,"column":73}},"26":{"start":{"line":43,"column":4},"end":{"line":43,"column":85}},"27":{"start":{"line":44,"column":4},"end":{"line":46,"column":5}},"28":{"start":{"line":44,"column":17},"end":{"line":44,"column":18}},"29":{"start":{"line":45,"column":6},"end":{"line":45,"column":33}},"30":{"start":{"line":47,"column":4},"end":{"line":47,"column":65}},"31":{"start":{"line":48,"column":4},"end":{"line":48,"column":23}},"32":{"start":{"line":49,"column":4},"end":{"line":49,"column":18}},"33":{"start":{"line":55,"column":26},"end":{"line":62,"column":1}},"34":{"start":{"line":56,"column":20},"end":{"line":56,"column":71}},"35":{"start":{"line":57,"column":2},"end":{"line":57,"column":29}},"36":{"start":{"line":58,"column":2},"end":{"line":60,"column":3}},"37":{"start":{"line":58,"column":15},"end":{"line":58,"column":16}},"38":{"start":{"line":59,"column":4},"end":{"line":59,"column":27}},"39":{"start":{"line":61,"column":2},"end":{"line":61,"column":63}},"40":{"start":{"line":66,"column":24},"end":{"line":73,"column":1}},"41":{"start":{"line":67,"column":20},"end":{"line":67,"column":71}},"42":{"start":{"line":68,"column":21},"end":{"line":68,"column":61}},"43":{"start":{"line":69,"column":2},"end":{"line":72,"column":5}},"44":{"start":{"line":70,"column":4},"end":{"line":70,"column":59}},"45":{"start":{"line":71,"column":4},"end":{"line":71,"column":65}}},"fnMap":{"0":{"name":"(anonymous_0)","decl":{"start":{"line":5,"column":27},"end":{"line":5,"column":28}},"loc":{"start":{"line":5,"column":33},"end":{"line":35,"column":1}},"line":5},"1":{"name":"(anonymous_1)","decl":{"start":{"line":12,"column":20},"end":{"line":12,"column":21}},"loc":{"start":{"line":12,"column":30},"end":{"line":34,"column":3}},"line":12},"2":{"name":"(anonymous_2)","decl":{"start":{"line":27,"column":39},"end":{"line":27,"column":40}},"loc":{"start":{"line":27,"column":46},"end":{"line":33,"column":5}},"line":27},"3":{"name":"(anonymous_3)","decl":{"start":{"line":39,"column":23},"end":{"line":39,"column":24}},"loc":{"start":{"line":39,"column":29},"end":{"line":51,"column":1}},"line":39},"4":{"name":"(anonymous_4)","decl":{"start":{"line":55,"column":26},"end":{"line":55,"column":27}},"loc":{"start":{"line":55,"column":37},"end":{"line":62,"column":1}},"line":55},"5":{"name":"(anonymous_5)","decl":{"start":{"line":66,"column":24},"end":{"line":66,"column":25}},"loc":{"start":{"line":66,"column":35},"end":{"line":73,"column":1}},"line":66},"6":{"name":"(anonymous_6)","decl":{"start":{"line":69,"column":47},"end":{"line":69,"column":48}},"loc":{"start":{"line":69,"column":53},"end":{"line":72,"column":3}},"line":69}},"branchMap":{"0":{"loc":{"start":{"line":6,"column":20},"end":{"line":6,"column":71}},"type":"binary-expr","locations":[{"start":{"line":6,"column":20},"end":{"line":6,"column":65}},{"start":{"line":6,"column":69},"end":{"line":6,"column":71}}],"line":6},"1":{"loc":{"start":{"line":7,"column":2},"end":{"line":9,"column":3}},"type":"if","locations":[{"start":{"line":7,"column":2},"end":{"line":9,"column":3}},{"start":{},"end":{}}],"line":7},"2":{"loc":{"start":{"line":16,"column":4},"end":{"line":16,"column":50}},"type":"if","locations":[{"start":{"line":16,"column":4},"end":{"line":16,"column":50}},{"start":{},"end":{}}],"line":16},"3":{"loc":{"start":{"line":30,"column":24},"end":{"line":30,"column":75}},"type":"binary-expr","locations":[{"start":{"line":30,"column":24},"end":{"line":30,"column":69}},{"start":{"line":30,"column":73},"end":{"line":30,"column":75}}],"line":30},"4":{"loc":{"start":{"line":41,"column":2},"end":{"line":50,"column":3}},"type":"if","locations":[{"start":{"line":41,"column":2},"end":{"line":50,"column":3}},{"start":{},"end":{}}],"line":41},"5":{"loc":{"start":{"line":42,"column":22},"end":{"line":42,"column":73}},"type":"binary-expr","locations":[{"start":{"line":42,"column":22},"end":{"line":42,"column":67}},{"start":{"line":42,"column":71},"end":{"line":42,"column":73}}],"line":42},"6":{"loc":{"start":{"line":56,"column":20},"end":{"line":56,"column":71}},"type":"binary-expr","locations":[{"start":{"line":56,"column":20},"end":{"line":56,"column":65}},{"start":{"line":56,"column":69},"end":{"line":56,"column":71}}],"line":56},"7":{"loc":{"start":{"line":67,"column":20},"end":{"line":67,"column":71}},"type":"binary-expr","locations":[{"start":{"line":67,"column":20},"end":{"line":67,"column":65}},{"start":{"line":67,"column":69},"end":{"line":67,"column":71}}],"line":67}},"s":{"0":1,"1":1,"2":2,"3":2,"4":2,"5":0,"6":0,"7":0,"8":0,"9":0,"10":0,"11":0,"12":0,"13":0,"14":0,"15":0,"16":0,"17":0,"18":0,"19":0,"20":0,"21":1,"22":1,"23":1,"24":1,"25":1,"26":1,"27":1,"28":1,"29":1,"30":1,"31":1,"32":1,"33":1,"34":1,"35":1,"36":1,"37":1,"38":0,"39":1,"40":1,"41":0,"42":0,"43":0,"44":0,"45":0},"f":{"0":2,"1":0,"2":0,"3":1,"4":1,"5":0,"6":0},"b":{"0":[2,1],"1":[2,0],"2":[0,0],"3":[0,0],"4":[1,0],"5":[1,1],"6":[1,0],"7":[0,0]},"_coverageSchema":"1a1c01bbd47fc00a2c39e90264f33305004495a9","hash":"ea123f0d885a5be708f3ac098003782da3277de6"}
}
