TN:
SF:src\modules\functionality.js
FN:5,(anonymous_0)
FN:12,(anonymous_1)
FN:27,(anonymous_2)
FN:39,(anonymous_3)
FN:55,(anonymous_4)
FN:66,(anonymous_5)
FN:69,(anonymous_6)
FNF:7
FNH:3
FNDA:2,(anonymous_0)
FNDA:0,(anonymous_1)
FNDA:0,(anonymous_2)
FNDA:1,(anonymous_3)
FNDA:1,(anonymous_4)
FNDA:0,(anonymous_5)
FNDA:0,(anonymous_6)
DA:3,1
DA:5,1
DA:6,2
DA:7,2
DA:8,2
DA:10,0
DA:12,0
DA:13,0
DA:14,0
DA:15,0
DA:16,0
DA:17,0
DA:23,0
DA:26,0
DA:27,0
DA:28,0
DA:29,0
DA:30,0
DA:31,0
DA:32,0
DA:36,1
DA:39,1
DA:40,1
DA:41,1
DA:42,1
DA:43,1
DA:44,1
DA:45,1
DA:47,1
DA:48,1
DA:49,1
DA:55,1
DA:56,1
DA:57,1
DA:58,1
DA:59,0
DA:61,1
DA:66,1
DA:67,0
DA:68,0
DA:69,0
DA:70,0
DA:71,0
LF:43
LH:22
BRDA:6,0,0,2
BRDA:6,0,1,1
BRDA:7,1,0,2
BRDA:7,1,1,0
BRDA:16,2,0,0
BRDA:16,2,1,0
BRDA:30,3,0,0
BRDA:30,3,1,0
BRDA:41,4,0,1
BRDA:41,4,1,0
BRDA:42,5,0,1
BRDA:42,5,1,1
BRDA:56,6,0,1
BRDA:56,6,1,0
BRDA:67,7,0,0
BRDA:67,7,1,0
BRF:16
BRH:7
end_of_record
